[2010/04/18 06:42:49][127.0.0.1]array (
  13852588 => 
  array (
    0 => '',
  ),
  18567351 => 
  array (
    0 => '男性',
  ),
  93300095 => 
  array (
    0 => '',
  ),
  19135029 => 
  array (
    0 => '',
  ),
)
[2010/04/18 06:46:07][127.0.0.1]array (
  13852588 => 
  array (
    0 => '',
  ),
  18567351 => 
  array (
    0 => '男性',
  ),
  93300095 => 
  array (
    0 => '',
  ),
  19135029 => 
  array (
    0 => '',
  ),
)
[2010/04/18 06:46:38][127.0.0.1]array (
  13852588 => 
  array (
    0 => '',
  ),
  18567351 => 
  array (
    0 => '男性',
  ),
  93300095 => 
  array (
    0 => '',
  ),
  19135029 => 
  array (
    0 => '',
  ),
)
[2010/04/18 06:47:57][127.0.0.1]array (
  13852588 => 
  array (
    0 => '',
  ),
  18567351 => 
  array (
    0 => '男性',
  ),
  93300095 => 
  array (
    0 => '',
  ),
  19135029 => 
  array (
    0 => '',
  ),
)
[2010/04/18 06:48:43][127.0.0.1]array (
  13852588 => 
  array (
    0 => '',
  ),
  18567351 => 
  array (
    0 => '男性',
  ),
  93300095 => 
  array (
    0 => '',
  ),
  19135029 => 
  array (
    0 => '',
  ),
)
[2010/04/18 06:49:49][127.0.0.1]array (
  13852588 => 
  array (
    0 => '',
  ),
  18567351 => 
  array (
    0 => '男性',
  ),
  93300095 => 
  array (
    0 => '',
  ),
  19135029 => 
  array (
    0 => '',
  ),
)
[2010/04/18 06:50:40][127.0.0.1]array (
  13852588 => 
  array (
    0 => '',
  ),
  18567351 => 
  array (
    0 => '男性',
  ),
  93300095 => 
  array (
    0 => '',
  ),
  19135029 => 
  array (
    0 => '',
  ),
)
[2010/04/18 06:51:37][127.0.0.1]array (
  13852588 => 
  array (
    0 => '',
  ),
  18567351 => 
  array (
    0 => '男性',
  ),
  93300095 => 
  array (
    0 => '',
  ),
  19135029 => 
  array (
    0 => '',
  ),
)
[2010/04/18 06:51:37][127.0.0.1]1
[2010/04/18 06:51:37][127.0.0.1]2
[2010/04/18 06:51:37][127.0.0.1]3
[2010/04/18 06:51:37][127.0.0.1]4
[2010/04/18 06:51:37][127.0.0.1]5
[2010/04/18 06:51:37][127.0.0.1]array (
  'question_id_1' => 13852588,
  'question_vl_1' => '',
  'question_id_2' => 18567351,
  'question_vl_2' => '男性',
  'question_id_3' => 93300095,
  'question_vl_3' => '',
  'question_id_4' => 19135029,
  'question_vl_4' => '',
)
[2010/04/18 06:51:37][127.0.0.1]array (
  'contents_id' => '16815407',
  'image_id' => '16804489',
  'question_data' => '[{\\"name\\":\\"iv_question_image_id_16815407\\",\\"value\\":\\"16804489\\"},{\\"name\\":\\"iv_question_13852588\\",\\"value\\":\\"\\"},{\\"name\\":\\"iv_question_18567351\\",\\"value\\":\\"\\\\u7537\\\\u6027\\"},{\\"name\\":\\"iv_question_93300095\\",\\"value\\":\\"\\"},{\\"name\\":\\"iv_question_19135029\\",\\"value\\":\\"\\"}]',
)
[2010/04/18 06:52:11][127.0.0.1]array (
  13852588 => 
  array (
    0 => 'aaa@aaa.jp',
  ),
  18567351 => 
  array (
    0 => '男性',
  ),
  93300095 => 
  array (
    0 => '2',
  ),
  11068976 => 
  array (
    0 => 'b',
    1 => 'c',
  ),
  19135029 => 
  array (
    0 => 'adfadfaf',
  ),
)
[2010/04/18 06:52:11][127.0.0.1]1
[2010/04/18 06:52:11][127.0.0.1]2
[2010/04/18 06:52:11][127.0.0.1]3
[2010/04/18 06:52:11][127.0.0.1]4
[2010/04/18 06:52:11][127.0.0.1]5
[2010/04/18 06:52:11][127.0.0.1]6
[2010/04/18 06:52:11][127.0.0.1]array (
  'question_id_1' => 13852588,
  'question_vl_1' => 'aaa@aaa.jp',
  'question_id_2' => 18567351,
  'question_vl_2' => '男性',
  'question_id_3' => 93300095,
  'question_vl_3' => '2',
  'question_id_4' => 11068976,
  'question_vl_4' => '["b","c"]',
  'question_id_5' => 19135029,
  'question_vl_5' => 'adfadfaf',
)
[2010/04/18 06:52:11][127.0.0.1]array (
  'contents_id' => '16815407',
  'image_id' => '15759422',
  'question_data' => '[{\\"name\\":\\"iv_question_image_id_16815407\\",\\"value\\":\\"15759422\\"},{\\"name\\":\\"iv_question_13852588\\",\\"value\\":\\"aaa@aaa.jp\\"},{\\"name\\":\\"iv_question_18567351\\",\\"value\\":\\"\\\\u7537\\\\u6027\\"},{\\"name\\":\\"iv_question_93300095\\",\\"value\\":\\"2\\"},{\\"name\\":\\"iv_question_11068976[]\\",\\"value\\":\\"b\\"},{\\"name\\":\\"iv_question_11068976[]\\",\\"value\\":\\"c\\"},{\\"name\\":\\"iv_question_19135029\\",\\"value\\":\\"adfadfaf\\"}]',
)
